2013/05/21 16:54:03 [error] [exception.CException] exception 'CException' with message 'Alias "gii.GiiModule" is invalid. Make sure it points to an existing PHP file and the file is readable.' in /var/www/yii/framework/YiiBase.php:316
Stack trace:
#0 /var/www/yii/framework/YiiBase.php(196): YiiBase::import('gii.GiiModule', true)
#1 /var/www/yii/framework/base/CModule.php(282): YiiBase::createComponent('gii.GiiModule', 'gii', NULL, Array)
#2 /var/www/yii/framework/web/CWebApplication.php(337): CModule->getModule('gii')
#3 /var/www/yii/framework/web/CWebApplication.php(276): CWebApplication->createController('gii')
#4 /var/www/yii/framework/web/CWebApplication.php(141): CWebApplication->runController('gii')
#5 /var/www/yii/framework/base/CApplication.php(169): CWebApplication->processRequest()
#6 /var/www/arc/index.php(13): CApplication->run()
#7 {main}
REQUEST_URI=/arc/index.php?r=gii
---
2013/05/21 16:54:44 [error] [exception.CHttpException.403] exception 'CHttpException' with message 'You are not allowed to access this page.' in /var/www/yii/framework/gii/GiiModule.php:168
Stack trace:
#0 /var/www/yii/framework/web/CController.php(263): GiiModule->beforeControllerAction(Object(DefaultController), Object(CInlineAction))
#1 /var/www/yii/framework/web/CWebApplication.php(282): CController->run('')
#2 /var/www/yii/framework/web/CWebApplication.php(141): CWebApplication->runController('gii')
#3 /var/www/yii/framework/base/CApplication.php(169): CWebApplication->processRequest()
#4 /var/www/arc/index.php(13): CApplication->run()
#5 {main}
REQUEST_URI=/arc/index.php?r=gii
---
2013/05/21 17:04:21 [error] [php] Trying to get property of non-object (/var/www/arc/protected/views/layouts/main.php:8)
Stack trace:
#0 /var/www/yii/framework/web/widgets/CContentDecorator.php(76): SiteController->renderFile()
#1 /var/www/yii/framework/web/widgets/CContentDecorator.php(54): CContentDecorator->decorate()
#2 /var/www/yii/framework/web/widgets/COutputProcessor.php(44): CContentDecorator->processOutput()
#3 /var/www/yii/framework/web/CBaseController.php(206): CContentDecorator->run()
#4 /var/www/yii/framework/web/CBaseController.php(300): SiteController->endWidget()
#5 /var/www/arc/protected/views/layouts/column1.php(6): SiteController->endContent()
#6 /var/www/yii/framework/web/CBaseController.php(126): require()
#7 /var/www/yii/framework/web/CBaseController.php(95): SiteController->renderInternal()
#8 /var/www/yii/framework/web/CController.php(784): SiteController->renderFile()
#9 /var/www/arc/protected/controllers/SiteController.php(32): SiteController->render()
#10 /var/www/yii/framework/web/actions/CInlineAction.php(49): SiteController->actionIndex()
#11 /var/www/yii/framework/web/CController.php(308): CInlineAction->runWithParams()
#12 /var/www/yii/framework/web/CController.php(286): SiteController->runAction()
#13 /var/www/yii/framework/web/CController.php(265): SiteController->runActionWithFilters()
#14 /var/www/yii/framework/web/CWebApplication.php(282): SiteController->run()
#15 /var/www/yii/framework/web/CWebApplication.php(141): CWebApplication->runController()
#16 /var/www/yii/framework/base/CApplication.php(169): CWebApplication->processRequest()
#17 /var/www/arc/index.php(13): CWebApplication->run()
REQUEST_URI=/arc/index.php
in /var/www/arc/protected/views/layouts/main.php (8)
in /var/www/arc/protected/views/layouts/column1.php (6)
in /var/www/arc/protected/controllers/SiteController.php (32)
2013/05/21 17:04:22 [error] [php] Trying to get property of non-object (/var/www/arc/protected/views/layouts/main.php:8)
Stack trace:
#0 /var/www/yii/framework/web/widgets/CContentDecorator.php(76): SiteController->renderFile()
#1 /var/www/yii/framework/web/widgets/CContentDecorator.php(54): CContentDecorator->decorate()
#2 /var/www/yii/framework/web/widgets/COutputProcessor.php(44): CContentDecorator->processOutput()
#3 /var/www/yii/framework/web/CBaseController.php(206): CContentDecorator->run()
#4 /var/www/yii/framework/web/CBaseController.php(300): SiteController->endWidget()
#5 /var/www/arc/protected/views/layouts/column1.php(6): SiteController->endContent()
#6 /var/www/yii/framework/web/CBaseController.php(126): require()
#7 /var/www/yii/framework/web/CBaseController.php(95): SiteController->renderInternal()
#8 /var/www/yii/framework/web/CController.php(784): SiteController->renderFile()
#9 /var/www/arc/protected/controllers/SiteController.php(32): SiteController->render()
#10 /var/www/yii/framework/web/actions/CInlineAction.php(49): SiteController->actionIndex()
#11 /var/www/yii/framework/web/CController.php(308): CInlineAction->runWithParams()
#12 /var/www/yii/framework/web/CController.php(286): SiteController->runAction()
#13 /var/www/yii/framework/web/CController.php(265): SiteController->runActionWithFilters()
#14 /var/www/yii/framework/web/CWebApplication.php(282): SiteController->run()
#15 /var/www/yii/framework/web/CWebApplication.php(141): CWebApplication->runController()
#16 /var/www/yii/framework/base/CApplication.php(169): CWebApplication->processRequest()
#17 /var/www/arc/index.php(13): CWebApplication->run()
REQUEST_URI=/arc/index.php
in /var/www/arc/protected/views/layouts/main.php (8)
in /var/www/arc/protected/views/layouts/column1.php (6)
in /var/www/arc/protected/controllers/SiteController.php (32)
2013/05/21 17:04:38 [error] [php] Trying to get property of non-object (/var/www/arc/protected/views/layouts/main.php:8)
Stack trace:
#0 /var/www/yii/framework/web/widgets/CContentDecorator.php(76): SiteController->renderFile()
#1 /var/www/yii/framework/web/widgets/CContentDecorator.php(54): CContentDecorator->decorate()
#2 /var/www/yii/framework/web/widgets/COutputProcessor.php(44): CContentDecorator->processOutput()
#3 /var/www/yii/framework/web/CBaseController.php(206): CContentDecorator->run()
#4 /var/www/yii/framework/web/CBaseController.php(300): SiteController->endWidget()
#5 /var/www/arc/protected/views/layouts/column1.php(6): SiteController->endContent()
#6 /var/www/yii/framework/web/CBaseController.php(126): require()
#7 /var/www/yii/framework/web/CBaseController.php(95): SiteController->renderInternal()
#8 /var/www/yii/framework/web/CController.php(784): SiteController->renderFile()
#9 /var/www/arc/protected/controllers/SiteController.php(32): SiteController->render()
#10 /var/www/yii/framework/web/actions/CInlineAction.php(49): SiteController->actionIndex()
#11 /var/www/yii/framework/web/CController.php(308): CInlineAction->runWithParams()
#12 /var/www/yii/framework/web/CController.php(286): SiteController->runAction()
#13 /var/www/yii/framework/web/CController.php(265): SiteController->runActionWithFilters()
#14 /var/www/yii/framework/web/CWebApplication.php(282): SiteController->run()
#15 /var/www/yii/framework/web/CWebApplication.php(141): CWebApplication->runController()
#16 /var/www/yii/framework/base/CApplication.php(169): CWebApplication->processRequest()
#17 /var/www/arc/index.php(13): CWebApplication->run()
REQUEST_URI=/arc/index.php
in /var/www/arc/protected/views/layouts/main.php (8)
in /var/www/arc/protected/views/layouts/column1.php (6)
in /var/www/arc/protected/controllers/SiteController.php (32)
2013/05/21 17:05:06 [error] [php] Trying to get property of non-object (/var/www/arc/protected/views/layouts/main.php:8)
Stack trace:
#0 /var/www/yii/framework/web/widgets/CContentDecorator.php(76): SiteController->renderFile()
#1 /var/www/yii/framework/web/widgets/CContentDecorator.php(54): CContentDecorator->decorate()
#2 /var/www/yii/framework/web/widgets/COutputProcessor.php(44): CContentDecorator->processOutput()
#3 /var/www/yii/framework/web/CBaseController.php(206): CContentDecorator->run()
#4 /var/www/yii/framework/web/CBaseController.php(300): SiteController->endWidget()
#5 /var/www/arc/protected/views/layouts/column1.php(6): SiteController->endContent()
#6 /var/www/yii/framework/web/CBaseController.php(126): require()
#7 /var/www/yii/framework/web/CBaseController.php(95): SiteController->renderInternal()
#8 /var/www/yii/framework/web/CController.php(784): SiteController->renderFile()
#9 /var/www/arc/protected/controllers/SiteController.php(32): SiteController->render()
#10 /var/www/yii/framework/web/actions/CInlineAction.php(49): SiteController->actionIndex()
#11 /var/www/yii/framework/web/CController.php(308): CInlineAction->runWithParams()
#12 /var/www/yii/framework/web/CController.php(286): SiteController->runAction()
#13 /var/www/yii/framework/web/CController.php(265): SiteController->runActionWithFilters()
#14 /var/www/yii/framework/web/CWebApplication.php(282): SiteController->run()
#15 /var/www/yii/framework/web/CWebApplication.php(141): CWebApplication->runController()
#16 /var/www/yii/framework/base/CApplication.php(169): CWebApplication->processRequest()
#17 /var/www/arc/index.php(13): CWebApplication->run()
REQUEST_URI=/arc/index.php
in /var/www/arc/protected/views/layouts/main.php (8)
in /var/www/arc/protected/views/layouts/column1.php (6)
in /var/www/arc/protected/controllers/SiteController.php (32)
2013/05/21 17:05:06 [error] [php] Trying to get property of non-object (/var/www/arc/protected/views/layouts/main.php:8)
Stack trace:
#0 /var/www/yii/framework/web/widgets/CContentDecorator.php(76): SiteController->renderFile()
#1 /var/www/yii/framework/web/widgets/CContentDecorator.php(54): CContentDecorator->decorate()
#2 /var/www/yii/framework/web/widgets/COutputProcessor.php(44): CContentDecorator->processOutput()
#3 /var/www/yii/framework/web/CBaseController.php(206): CContentDecorator->run()
#4 /var/www/yii/framework/web/CBaseController.php(300): SiteController->endWidget()
#5 /var/www/arc/protected/views/layouts/column1.php(6): SiteController->endContent()
#6 /var/www/yii/framework/web/CBaseController.php(126): require()
#7 /var/www/yii/framework/web/CBaseController.php(95): SiteController->renderInternal()
#8 /var/www/yii/framework/web/CController.php(784): SiteController->renderFile()
#9 /var/www/arc/protected/controllers/SiteController.php(32): SiteController->render()
#10 /var/www/yii/framework/web/actions/CInlineAction.php(49): SiteController->actionIndex()
#11 /var/www/yii/framework/web/CController.php(308): CInlineAction->runWithParams()
#12 /var/www/yii/framework/web/CController.php(286): SiteController->runAction()
#13 /var/www/yii/framework/web/CController.php(265): SiteController->runActionWithFilters()
#14 /var/www/yii/framework/web/CWebApplication.php(282): SiteController->run()
#15 /var/www/yii/framework/web/CWebApplication.php(141): CWebApplication->runController()
#16 /var/www/yii/framework/base/CApplication.php(169): CWebApplication->processRequest()
#17 /var/www/arc/index.php(13): CWebApplication->run()
REQUEST_URI=/arc/index.php
in /var/www/arc/protected/views/layouts/main.php (8)
in /var/www/arc/protected/views/layouts/column1.php (6)
in /var/www/arc/protected/controllers/SiteController.php (32)
2013/05/21 17:05:06 [error] [php] Trying to get property of non-object (/var/www/arc/protected/views/layouts/main.php:8)
Stack trace:
#0 /var/www/yii/framework/web/widgets/CContentDecorator.php(76): SiteController->renderFile()
#1 /var/www/yii/framework/web/widgets/CContentDecorator.php(54): CContentDecorator->decorate()
#2 /var/www/yii/framework/web/widgets/COutputProcessor.php(44): CContentDecorator->processOutput()
#3 /var/www/yii/framework/web/CBaseController.php(206): CContentDecorator->run()
#4 /var/www/yii/framework/web/CBaseController.php(300): SiteController->endWidget()
#5 /var/www/arc/protected/views/layouts/column1.php(6): SiteController->endContent()
#6 /var/www/yii/framework/web/CBaseController.php(126): require()
#7 /var/www/yii/framework/web/CBaseController.php(95): SiteController->renderInternal()
#8 /var/www/yii/framework/web/CController.php(784): SiteController->renderFile()
#9 /var/www/arc/protected/controllers/SiteController.php(32): SiteController->render()
#10 /var/www/yii/framework/web/actions/CInlineAction.php(49): SiteController->actionIndex()
#11 /var/www/yii/framework/web/CController.php(308): CInlineAction->runWithParams()
#12 /var/www/yii/framework/web/CController.php(286): SiteController->runAction()
#13 /var/www/yii/framework/web/CController.php(265): SiteController->runActionWithFilters()
#14 /var/www/yii/framework/web/CWebApplication.php(282): SiteController->run()
#15 /var/www/yii/framework/web/CWebApplication.php(141): CWebApplication->runController()
#16 /var/www/yii/framework/base/CApplication.php(169): CWebApplication->processRequest()
#17 /var/www/arc/index.php(13): CWebApplication->run()
REQUEST_URI=/arc/index.php
in /var/www/arc/protected/views/layouts/main.php (8)
in /var/www/arc/protected/views/layouts/column1.php (6)
in /var/www/arc/protected/controllers/SiteController.php (32)
2013/05/21 17:05:07 [error] [php] Trying to get property of non-object (/var/www/arc/protected/views/layouts/main.php:8)
Stack trace:
#0 /var/www/yii/framework/web/widgets/CContentDecorator.php(76): SiteController->renderFile()
#1 /var/www/yii/framework/web/widgets/CContentDecorator.php(54): CContentDecorator->decorate()
#2 /var/www/yii/framework/web/widgets/COutputProcessor.php(44): CContentDecorator->processOutput()
#3 /var/www/yii/framework/web/CBaseController.php(206): CContentDecorator->run()
#4 /var/www/yii/framework/web/CBaseController.php(300): SiteController->endWidget()
#5 /var/www/arc/protected/views/layouts/column1.php(6): SiteController->endContent()
#6 /var/www/yii/framework/web/CBaseController.php(126): require()
#7 /var/www/yii/framework/web/CBaseController.php(95): SiteController->renderInternal()
#8 /var/www/yii/framework/web/CController.php(784): SiteController->renderFile()
#9 /var/www/arc/protected/controllers/SiteController.php(32): SiteController->render()
#10 /var/www/yii/framework/web/actions/CInlineAction.php(49): SiteController->actionIndex()
#11 /var/www/yii/framework/web/CController.php(308): CInlineAction->runWithParams()
#12 /var/www/yii/framework/web/CController.php(286): SiteController->runAction()
#13 /var/www/yii/framework/web/CController.php(265): SiteController->runActionWithFilters()
#14 /var/www/yii/framework/web/CWebApplication.php(282): SiteController->run()
#15 /var/www/yii/framework/web/CWebApplication.php(141): CWebApplication->runController()
#16 /var/www/yii/framework/base/CApplication.php(169): CWebApplication->processRequest()
#17 /var/www/arc/index.php(13): CWebApplication->run()
REQUEST_URI=/arc/index.php
in /var/www/arc/protected/views/layouts/main.php (8)
in /var/www/arc/protected/views/layouts/column1.php (6)
in /var/www/arc/protected/controllers/SiteController.php (32)
2013/05/21 17:05:26 [error] [php] Trying to get property of non-object (/var/www/arc/protected/views/layouts/main.php:8)
Stack trace:
#0 /var/www/yii/framework/web/widgets/CContentDecorator.php(76): SiteController->renderFile()
#1 /var/www/yii/framework/web/widgets/CContentDecorator.php(54): CContentDecorator->decorate()
#2 /var/www/yii/framework/web/widgets/COutputProcessor.php(44): CContentDecorator->processOutput()
#3 /var/www/yii/framework/web/CBaseController.php(206): CContentDecorator->run()
#4 /var/www/yii/framework/web/CBaseController.php(300): SiteController->endWidget()
#5 /var/www/arc/protected/views/layouts/column1.php(6): SiteController->endContent()
#6 /var/www/yii/framework/web/CBaseController.php(126): require()
#7 /var/www/yii/framework/web/CBaseController.php(95): SiteController->renderInternal()
#8 /var/www/yii/framework/web/CController.php(784): SiteController->renderFile()
#9 /var/www/arc/protected/controllers/SiteController.php(32): SiteController->render()
#10 /var/www/yii/framework/web/actions/CInlineAction.php(49): SiteController->actionIndex()
#11 /var/www/yii/framework/web/CController.php(308): CInlineAction->runWithParams()
#12 /var/www/yii/framework/web/CController.php(286): SiteController->runAction()
#13 /var/www/yii/framework/web/CController.php(265): SiteController->runActionWithFilters()
#14 /var/www/yii/framework/web/CWebApplication.php(282): SiteController->run()
#15 /var/www/yii/framework/web/CWebApplication.php(141): CWebApplication->runController()
#16 /var/www/yii/framework/base/CApplication.php(169): CWebApplication->processRequest()
#17 /var/www/arc/index.php(13): CWebApplication->run()
REQUEST_URI=/arc/index.php
in /var/www/arc/protected/views/layouts/main.php (8)
in /var/www/arc/protected/views/layouts/column1.php (6)
in /var/www/arc/protected/controllers/SiteController.php (32)
2013/05/21 17:05:26 [error] [php] Trying to get property of non-object (/var/www/arc/protected/views/layouts/main.php:8)
Stack trace:
#0 /var/www/yii/framework/web/widgets/CContentDecorator.php(76): SiteController->renderFile()
#1 /var/www/yii/framework/web/widgets/CContentDecorator.php(54): CContentDecorator->decorate()
#2 /var/www/yii/framework/web/widgets/COutputProcessor.php(44): CContentDecorator->processOutput()
#3 /var/www/yii/framework/web/CBaseController.php(206): CContentDecorator->run()
#4 /var/www/yii/framework/web/CBaseController.php(300): SiteController->endWidget()
#5 /var/www/arc/protected/views/layouts/column1.php(6): SiteController->endContent()
#6 /var/www/yii/framework/web/CBaseController.php(126): require()
#7 /var/www/yii/framework/web/CBaseController.php(95): SiteController->renderInternal()
#8 /var/www/yii/framework/web/CController.php(784): SiteController->renderFile()
#9 /var/www/arc/protected/controllers/SiteController.php(32): SiteController->render()
#10 /var/www/yii/framework/web/actions/CInlineAction.php(49): SiteController->actionIndex()
#11 /var/www/yii/framework/web/CController.php(308): CInlineAction->runWithParams()
#12 /var/www/yii/framework/web/CController.php(286): SiteController->runAction()
#13 /var/www/yii/framework/web/CController.php(265): SiteController->runActionWithFilters()
#14 /var/www/yii/framework/web/CWebApplication.php(282): SiteController->run()
#15 /var/www/yii/framework/web/CWebApplication.php(141): CWebApplication->runController()
#16 /var/www/yii/framework/base/CApplication.php(169): CWebApplication->processRequest()
#17 /var/www/arc/index.php(13): CWebApplication->run()
REQUEST_URI=/arc/index.php
in /var/www/arc/protected/views/layouts/main.php (8)
in /var/www/arc/protected/views/layouts/column1.php (6)
in /var/www/arc/protected/controllers/SiteController.php (32)
2013/05/21 17:05:27 [error] [php] Trying to get property of non-object (/var/www/arc/protected/views/layouts/main.php:8)
Stack trace:
#0 /var/www/yii/framework/web/widgets/CContentDecorator.php(76): SiteController->renderFile()
#1 /var/www/yii/framework/web/widgets/CContentDecorator.php(54): CContentDecorator->decorate()
#2 /var/www/yii/framework/web/widgets/COutputProcessor.php(44): CContentDecorator->processOutput()
#3 /var/www/yii/framework/web/CBaseController.php(206): CContentDecorator->run()
#4 /var/www/yii/framework/web/CBaseController.php(300): SiteController->endWidget()
#5 /var/www/arc/protected/views/layouts/column1.php(6): SiteController->endContent()
#6 /var/www/yii/framework/web/CBaseController.php(126): require()
#7 /var/www/yii/framework/web/CBaseController.php(95): SiteController->renderInternal()
#8 /var/www/yii/framework/web/CController.php(784): SiteController->renderFile()
#9 /var/www/arc/protected/controllers/SiteController.php(32): SiteController->render()
#10 /var/www/yii/framework/web/actions/CInlineAction.php(49): SiteController->actionIndex()
#11 /var/www/yii/framework/web/CController.php(308): CInlineAction->runWithParams()
#12 /var/www/yii/framework/web/CController.php(286): SiteController->runAction()
#13 /var/www/yii/framework/web/CController.php(265): SiteController->runActionWithFilters()
#14 /var/www/yii/framework/web/CWebApplication.php(282): SiteController->run()
#15 /var/www/yii/framework/web/CWebApplication.php(141): CWebApplication->runController()
#16 /var/www/yii/framework/base/CApplication.php(169): CWebApplication->processRequest()
#17 /var/www/arc/index.php(13): CWebApplication->run()
REQUEST_URI=/arc/index.php
in /var/www/arc/protected/views/layouts/main.php (8)
in /var/www/arc/protected/views/layouts/column1.php (6)
in /var/www/arc/protected/controllers/SiteController.php (32)
2013/05/21 17:05:27 [error] [php] Trying to get property of non-object (/var/www/arc/protected/views/layouts/main.php:8)
Stack trace:
#0 /var/www/yii/framework/web/widgets/CContentDecorator.php(76): SiteController->renderFile()
#1 /var/www/yii/framework/web/widgets/CContentDecorator.php(54): CContentDecorator->decorate()
#2 /var/www/yii/framework/web/widgets/COutputProcessor.php(44): CContentDecorator->processOutput()
#3 /var/www/yii/framework/web/CBaseController.php(206): CContentDecorator->run()
#4 /var/www/yii/framework/web/CBaseController.php(300): SiteController->endWidget()
#5 /var/www/arc/protected/views/layouts/column1.php(6): SiteController->endContent()
#6 /var/www/yii/framework/web/CBaseController.php(126): require()
#7 /var/www/yii/framework/web/CBaseController.php(95): SiteController->renderInternal()
#8 /var/www/yii/framework/web/CController.php(784): SiteController->renderFile()
#9 /var/www/arc/protected/controllers/SiteController.php(32): SiteController->render()
#10 /var/www/yii/framework/web/actions/CInlineAction.php(49): SiteController->actionIndex()
#11 /var/www/yii/framework/web/CController.php(308): CInlineAction->runWithParams()
#12 /var/www/yii/framework/web/CController.php(286): SiteController->runAction()
#13 /var/www/yii/framework/web/CController.php(265): SiteController->runActionWithFilters()
#14 /var/www/yii/framework/web/CWebApplication.php(282): SiteController->run()
#15 /var/www/yii/framework/web/CWebApplication.php(141): CWebApplication->runController()
#16 /var/www/yii/framework/base/CApplication.php(169): CWebApplication->processRequest()
#17 /var/www/arc/index.php(13): CWebApplication->run()
REQUEST_URI=/arc/index.php
in /var/www/arc/protected/views/layouts/main.php (8)
in /var/www/arc/protected/views/layouts/column1.php (6)
in /var/www/arc/protected/controllers/SiteController.php (32)
2013/05/21 17:05:27 [error] [php] Trying to get property of non-object (/var/www/arc/protected/views/layouts/main.php:8)
Stack trace:
#0 /var/www/yii/framework/web/widgets/CContentDecorator.php(76): SiteController->renderFile()
#1 /var/www/yii/framework/web/widgets/CContentDecorator.php(54): CContentDecorator->decorate()
#2 /var/www/yii/framework/web/widgets/COutputProcessor.php(44): CContentDecorator->processOutput()
#3 /var/www/yii/framework/web/CBaseController.php(206): CContentDecorator->run()
#4 /var/www/yii/framework/web/CBaseController.php(300): SiteController->endWidget()
#5 /var/www/arc/protected/views/layouts/column1.php(6): SiteController->endContent()
#6 /var/www/yii/framework/web/CBaseController.php(126): require()
#7 /var/www/yii/framework/web/CBaseController.php(95): SiteController->renderInternal()
#8 /var/www/yii/framework/web/CController.php(784): SiteController->renderFile()
#9 /var/www/arc/protected/controllers/SiteController.php(32): SiteController->render()
#10 /var/www/yii/framework/web/actions/CInlineAction.php(49): SiteController->actionIndex()
#11 /var/www/yii/framework/web/CController.php(308): CInlineAction->runWithParams()
#12 /var/www/yii/framework/web/CController.php(286): SiteController->runAction()
#13 /var/www/yii/framework/web/CController.php(265): SiteController->runActionWithFilters()
#14 /var/www/yii/framework/web/CWebApplication.php(282): SiteController->run()
#15 /var/www/yii/framework/web/CWebApplication.php(141): CWebApplication->runController()
#16 /var/www/yii/framework/base/CApplication.php(169): CWebApplication->processRequest()
#17 /var/www/arc/index.php(13): CWebApplication->run()
REQUEST_URI=/arc/index.php
in /var/www/arc/protected/views/layouts/main.php (8)
in /var/www/arc/protected/views/layouts/column1.php (6)
in /var/www/arc/protected/controllers/SiteController.php (32)
2013/05/21 17:05:49 [error] [exception.CException] exception 'CException' with message 'SiteController cannot find the requested view "index".' in /var/www/yii/framework/web/CController.php:878
Stack trace:
#0 /var/www/yii/framework/web/CController.php(782): CController->renderPartial('index', NULL, true)
#1 /var/www/arc/protected/controllers/SiteController.php(32): CController->render('index')
#2 /var/www/yii/framework/web/actions/CInlineAction.php(49): SiteController->actionIndex()
#3 /var/www/yii/framework/web/CController.php(308): CInlineAction->runWithParams(Array)
#4 /var/www/yii/framework/web/CController.php(286): CController->runAction(Object(CInlineAction))
#5 /var/www/yii/framework/web/CController.php(265): CController->runActionWithFilters(Object(CInlineAction), Array)
#6 /var/www/yii/framework/web/CWebApplication.php(282): CController->run('')
#7 /var/www/yii/framework/web/CWebApplication.php(141): CWebApplication->runController('')
#8 /var/www/yii/framework/base/CApplication.php(169): CWebApplication->processRequest()
#9 /var/www/arc/index.php(13): CApplication->run()
#10 {main}
REQUEST_URI=/arc/index.php
---
2013/05/21 17:05:49 [error] [exception.CException] exception 'CException' with message 'SiteController cannot find the requested view "index".' in /var/www/yii/framework/web/CController.php:878
Stack trace:
#0 /var/www/yii/framework/web/CController.php(782): CController->renderPartial('index', NULL, true)
#1 /var/www/arc/protected/controllers/SiteController.php(32): CController->render('index')
#2 /var/www/yii/framework/web/actions/CInlineAction.php(49): SiteController->actionIndex()
#3 /var/www/yii/framework/web/CController.php(308): CInlineAction->runWithParams(Array)
#4 /var/www/yii/framework/web/CController.php(286): CController->runAction(Object(CInlineAction))
#5 /var/www/yii/framework/web/CController.php(265): CController->runActionWithFilters(Object(CInlineAction), Array)
#6 /var/www/yii/framework/web/CWebApplication.php(282): CController->run('')
#7 /var/www/yii/framework/web/CWebApplication.php(141): CWebApplication->runController('')
#8 /var/www/yii/framework/base/CApplication.php(169): CWebApplication->processRequest()
#9 /var/www/arc/index.php(13): CApplication->run()
#10 {main}
REQUEST_URI=/arc/index.php
---
2013/05/21 17:05:50 [error] [exception.CException] exception 'CException' with message 'SiteController cannot find the requested view "index".' in /var/www/yii/framework/web/CController.php:878
Stack trace:
#0 /var/www/yii/framework/web/CController.php(782): CController->renderPartial('index', NULL, true)
#1 /var/www/arc/protected/controllers/SiteController.php(32): CController->render('index')
#2 /var/www/yii/framework/web/actions/CInlineAction.php(49): SiteController->actionIndex()
#3 /var/www/yii/framework/web/CController.php(308): CInlineAction->runWithParams(Array)
#4 /var/www/yii/framework/web/CController.php(286): CController->runAction(Object(CInlineAction))
#5 /var/www/yii/framework/web/CController.php(265): CController->runActionWithFilters(Object(CInlineAction), Array)
#6 /var/www/yii/framework/web/CWebApplication.php(282): CController->run('')
#7 /var/www/yii/framework/web/CWebApplication.php(141): CWebApplication->runController('')
#8 /var/www/yii/framework/base/CApplication.php(169): CWebApplication->processRequest()
#9 /var/www/arc/index.php(13): CApplication->run()
#10 {main}
REQUEST_URI=/arc/index.php
---
2013/05/21 17:05:50 [error] [exception.CException] exception 'CException' with message 'SiteController cannot find the requested view "index".' in /var/www/yii/framework/web/CController.php:878
Stack trace:
#0 /var/www/yii/framework/web/CController.php(782): CController->renderPartial('index', NULL, true)
#1 /var/www/arc/protected/controllers/SiteController.php(32): CController->render('index')
#2 /var/www/yii/framework/web/actions/CInlineAction.php(49): SiteController->actionIndex()
#3 /var/www/yii/framework/web/CController.php(308): CInlineAction->runWithParams(Array)
#4 /var/www/yii/framework/web/CController.php(286): CController->runAction(Object(CInlineAction))
#5 /var/www/yii/framework/web/CController.php(265): CController->runActionWithFilters(Object(CInlineAction), Array)
#6 /var/www/yii/framework/web/CWebApplication.php(282): CController->run('')
#7 /var/www/yii/framework/web/CWebApplication.php(141): CWebApplication->runController('')
#8 /var/www/yii/framework/base/CApplication.php(169): CWebApplication->processRequest()
#9 /var/www/arc/index.php(13): CApplication->run()
#10 {main}
REQUEST_URI=/arc/index.php
---
2013/05/21 17:05:50 [error] [exception.CException] exception 'CException' with message 'SiteController cannot find the requested view "index".' in /var/www/yii/framework/web/CController.php:878
Stack trace:
#0 /var/www/yii/framework/web/CController.php(782): CController->renderPartial('index', NULL, true)
#1 /var/www/arc/protected/controllers/SiteController.php(32): CController->render('index')
#2 /var/www/yii/framework/web/actions/CInlineAction.php(49): SiteController->actionIndex()
#3 /var/www/yii/framework/web/CController.php(308): CInlineAction->runWithParams(Array)
#4 /var/www/yii/framework/web/CController.php(286): CController->runAction(Object(CInlineAction))
#5 /var/www/yii/framework/web/CController.php(265): CController->runActionWithFilters(Object(CInlineAction), Array)
#6 /var/www/yii/framework/web/CWebApplication.php(282): CController->run('')
#7 /var/www/yii/framework/web/CWebApplication.php(141): CWebApplication->runController('')
#8 /var/www/yii/framework/base/CApplication.php(169): CWebApplication->processRequest()
#9 /var/www/arc/index.php(13): CApplication->run()
#10 {main}
REQUEST_URI=/arc/index.php
---
2013/05/21 17:11:38 [error] [php] Trying to get property of non-object (/var/www/arc/protected/views/layouts/main.php:8)
Stack trace:
#0 /var/www/yii/framework/web/CController.php(784): SiteController->renderFile()
#1 /var/www/arc/protected/controllers/SiteController.php(32): SiteController->render()
#2 /var/www/yii/framework/web/actions/CInlineAction.php(49): SiteController->actionIndex()
#3 /var/www/yii/framework/web/CController.php(308): CInlineAction->runWithParams()
#4 /var/www/yii/framework/web/CController.php(286): SiteController->runAction()
#5 /var/www/yii/framework/web/CController.php(265): SiteController->runActionWithFilters()
#6 /var/www/yii/framework/web/CWebApplication.php(282): SiteController->run()
#7 /var/www/yii/framework/web/CWebApplication.php(141): CWebApplication->runController()
#8 /var/www/yii/framework/base/CApplication.php(169): CWebApplication->processRequest()
#9 /var/www/arc/index.php(13): CWebApplication->run()
REQUEST_URI=/arc/index.php
in /var/www/arc/protected/views/layouts/main.php (8)
in /var/www/arc/protected/controllers/SiteController.php (32)
in /var/www/arc/index.php (13)
2013/05/21 17:13:02 [error] [php] Trying to get property of non-object (/var/www/arc/protected/views/layouts/main.php:8)
Stack trace:
#0 /var/www/yii/framework/web/CController.php(784): SiteController->renderFile()
#1 /var/www/arc/protected/controllers/SiteController.php(32): SiteController->render()
#2 /var/www/yii/framework/web/actions/CInlineAction.php(49): SiteController->actionIndex()
#3 /var/www/yii/framework/web/CController.php(308): CInlineAction->runWithParams()
#4 /var/www/yii/framework/web/CController.php(286): SiteController->runAction()
#5 /var/www/yii/framework/web/CController.php(265): SiteController->runActionWithFilters()
#6 /var/www/yii/framework/web/CWebApplication.php(282): SiteController->run()
#7 /var/www/yii/framework/web/CWebApplication.php(141): CWebApplication->runController()
#8 /var/www/yii/framework/base/CApplication.php(169): CWebApplication->processRequest()
#9 /var/www/arc/index.php(13): CWebApplication->run()
REQUEST_URI=/arc/index.php
in /var/www/arc/protected/views/layouts/main.php (8)
in /var/www/arc/protected/controllers/SiteController.php (32)
in /var/www/arc/index.php (13)
2013/05/21 17:14:39 [error] [php] Trying to get property of non-object (/var/www/arc/protected/views/layouts/main.php:7)
Stack trace:
#0 /var/www/yii/framework/web/CController.php(784): SiteController->renderFile()
#1 /var/www/arc/protected/controllers/SiteController.php(32): SiteController->render()
#2 /var/www/yii/framework/web/actions/CInlineAction.php(49): SiteController->actionIndex()
#3 /var/www/yii/framework/web/CController.php(308): CInlineAction->runWithParams()
#4 /var/www/yii/framework/web/CController.php(286): SiteController->runAction()
#5 /var/www/yii/framework/web/CController.php(265): SiteController->runActionWithFilters()
#6 /var/www/yii/framework/web/CWebApplication.php(282): SiteController->run()
#7 /var/www/yii/framework/web/CWebApplication.php(141): CWebApplication->runController()
#8 /var/www/yii/framework/base/CApplication.php(169): CWebApplication->processRequest()
#9 /var/www/arc/index.php(13): CWebApplication->run()
REQUEST_URI=/arc/index.php
in /var/www/arc/protected/views/layouts/main.php (7)
in /var/www/arc/protected/controllers/SiteController.php (32)
in /var/www/arc/index.php (13)
2013/05/21 17:15:27 [error] [php] Trying to get property of non-object (/var/www/arc/protected/views/layouts/main.php:7)
Stack trace:
#0 /var/www/yii/framework/web/CController.php(784): SiteController->renderFile()
#1 /var/www/arc/protected/controllers/SiteController.php(32): SiteController->render()
#2 /var/www/yii/framework/web/actions/CInlineAction.php(49): SiteController->actionIndex()
#3 /var/www/yii/framework/web/CController.php(308): CInlineAction->runWithParams()
#4 /var/www/yii/framework/web/CController.php(286): SiteController->runAction()
#5 /var/www/yii/framework/web/CController.php(265): SiteController->runActionWithFilters()
#6 /var/www/yii/framework/web/CWebApplication.php(282): SiteController->run()
#7 /var/www/yii/framework/web/CWebApplication.php(141): CWebApplication->runController()
#8 /var/www/yii/framework/base/CApplication.php(169): CWebApplication->processRequest()
#9 /var/www/arc/index.php(13): CWebApplication->run()
REQUEST_URI=/arc/index.php
in /var/www/arc/protected/views/layouts/main.php (7)
in /var/www/arc/protected/controllers/SiteController.php (32)
in /var/www/arc/index.php (13)
2013/05/21 17:18:39 [error] [exception.CException] exception 'CException' with message 'Alias "bootstrap.widgets.TbHeroUnit" is invalid. Make sure it points to an existing directory or file.' in /var/www/yii/framework/YiiBase.php:341
Stack trace:
#0 /var/www/yii/framework/web/CWidgetFactory.php(146): YiiBase::import('bootstrap.widge...', true)
#1 /var/www/yii/framework/web/CBaseController.php(146): CWidgetFactory->createWidget(Object(SiteController), 'bootstrap.widge...', Array)
#2 /var/www/yii/framework/web/CBaseController.php(189): CBaseController->createWidget('bootstrap.widge...', Array)
#3 /var/www/arc/protected/views/site/index.php(9): CBaseController->beginWidget('bootstrap.widge...', Array)
#4 /var/www/yii/framework/web/CBaseController.php(126): require('/var/www/arc/pr...')
#5 /var/www/yii/framework/web/CBaseController.php(95): CBaseController->renderInternal('/var/www/arc/pr...', NULL, true)
#6 /var/www/yii/framework/web/CController.php(869): CBaseController->renderFile('/var/www/arc/pr...', NULL, true)
#7 /var/www/yii/framework/web/CController.php(782): CController->renderPartial('index', NULL, true)
#8 /var/www/arc/protected/controllers/SiteController.php(32): CController->render('index')
#9 /var/www/yii/framework/web/actions/CInlineAction.php(49): SiteController->actionIndex()
#10 /var/www/yii/framework/web/CController.php(308): CInlineAction->runWithParams(Array)
#11 /var/www/yii/framework/web/CController.php(286): CController->runAction(Object(CInlineAction))
#12 /var/www/yii/framework/web/CController.php(265): CController->runActionWithFilters(Object(CInlineAction), Array)
#13 /var/www/yii/framework/web/CWebApplication.php(282): CController->run('')
#14 /var/www/yii/framework/web/CWebApplication.php(141): CWebApplication->runController('')
#15 /var/www/yii/framework/base/CApplication.php(169): CWebApplication->processRequest()
#16 /var/www/arc/index.php(13): CApplication->run()
#17 {main}
REQUEST_URI=/arc/index.php
---
2013/05/21 17:18:44 [error] [php] Trying to get property of non-object (/var/www/arc/protected/views/layouts/main.php:7)
Stack trace:
#0 /var/www/yii/framework/web/CController.php(784): SiteController->renderFile()
#1 /var/www/arc/protected/controllers/SiteController.php(32): SiteController->render()
#2 /var/www/yii/framework/web/actions/CInlineAction.php(49): SiteController->actionIndex()
#3 /var/www/yii/framework/web/CController.php(308): CInlineAction->runWithParams()
#4 /var/www/yii/framework/web/CController.php(286): SiteController->runAction()
#5 /var/www/yii/framework/web/CController.php(265): SiteController->runActionWithFilters()
#6 /var/www/yii/framework/web/CWebApplication.php(282): SiteController->run()
#7 /var/www/yii/framework/web/CWebApplication.php(141): CWebApplication->runController()
#8 /var/www/yii/framework/base/CApplication.php(169): CWebApplication->processRequest()
#9 /var/www/arc/index.php(13): CWebApplication->run()
REQUEST_URI=/arc/index.php
in /var/www/arc/protected/views/layouts/main.php (7)
in /var/www/arc/protected/controllers/SiteController.php (32)
in /var/www/arc/index.php (13)
2013/05/21 17:20:07 [error] [exception.CHttpException.404] exception 'CHttpException' with message 'The requested view "about" was not found.' in /var/www/yii/framework/web/actions/CViewAction.php:112
Stack trace:
#0 /var/www/yii/framework/web/actions/CViewAction.php(123): CViewAction->resolveView('about')
#1 /var/www/yii/framework/web/actions/CAction.php(76): CViewAction->run()
#2 /var/www/yii/framework/web/CController.php(308): CAction->runWithParams(Array)
#3 /var/www/yii/framework/web/CController.php(286): CController->runAction(Object(CViewAction))
#4 /var/www/yii/framework/web/CController.php(265): CController->runActionWithFilters(Object(CViewAction), Array)
#5 /var/www/yii/framework/web/CWebApplication.php(282): CController->run('page')
#6 /var/www/yii/framework/web/CWebApplication.php(141): CWebApplication->runController('site/page')
#7 /var/www/yii/framework/base/CApplication.php(169): CWebApplication->processRequest()
#8 /var/www/arc/index.php(13): CApplication->run()
#9 {main}
REQUEST_URI=/arc/index.php?r=site/page&view=about
HTTP_REFERER=http://172.31.1.31/arc/index.php
---
2013/05/21 17:20:41 [error] [exception.CHttpException.404] exception 'CHttpException' with message 'The requested view "about" was not found.' in /var/www/yii/framework/web/actions/CViewAction.php:112
Stack trace:
#0 /var/www/yii/framework/web/actions/CViewAction.php(123): CViewAction->resolveView('about')
#1 /var/www/yii/framework/web/actions/CAction.php(76): CViewAction->run()
#2 /var/www/yii/framework/web/CController.php(308): CAction->runWithParams(Array)
#3 /var/www/yii/framework/web/CController.php(286): CController->runAction(Object(CViewAction))
#4 /var/www/yii/framework/web/CController.php(265): CController->runActionWithFilters(Object(CViewAction), Array)
#5 /var/www/yii/framework/web/CWebApplication.php(282): CController->run('page')
#6 /var/www/yii/framework/web/CWebApplication.php(141): CWebApplication->runController('site/page')
#7 /var/www/yii/framework/base/CApplication.php(169): CWebApplication->processRequest()
#8 /var/www/arc/index.php(13): CApplication->run()
#9 {main}
REQUEST_URI=/arc/index.php?r=site/page&view=about
HTTP_REFERER=http://172.31.1.31/arc/index.php?r=site/login
---
2013/05/21 17:22:10 [error] [exception.CHttpException.404] exception 'CHttpException' with message 'The requested view "about" was not found.' in /var/www/yii/framework/web/actions/CViewAction.php:112
Stack trace:
#0 /var/www/yii/framework/web/actions/CViewAction.php(123): CViewAction->resolveView('about')
#1 /var/www/yii/framework/web/actions/CAction.php(76): CViewAction->run()
#2 /var/www/yii/framework/web/CController.php(308): CAction->runWithParams(Array)
#3 /var/www/yii/framework/web/CController.php(286): CController->runAction(Object(CViewAction))
#4 /var/www/yii/framework/web/CController.php(265): CController->runActionWithFilters(Object(CViewAction), Array)
#5 /var/www/yii/framework/web/CWebApplication.php(282): CController->run('page')
#6 /var/www/yii/framework/web/CWebApplication.php(141): CWebApplication->runController('site/page')
#7 /var/www/yii/framework/base/CApplication.php(169): CWebApplication->processRequest()
#8 /var/www/arc/index.php(13): CApplication->run()
#9 {main}
REQUEST_URI=/arc/index.php?r=site/page&view=about
HTTP_REFERER=http://172.31.1.31/arc/index.php?r=site/index
---
2013/05/21 17:22:27 [error] [exception.CHttpException.404] exception 'CHttpException' with message 'The requested view "about" was not found.' in /var/www/yii/framework/web/actions/CViewAction.php:112
Stack trace:
#0 /var/www/yii/framework/web/actions/CViewAction.php(123): CViewAction->resolveView('about')
#1 /var/www/yii/framework/web/actions/CAction.php(76): CViewAction->run()
#2 /var/www/yii/framework/web/CController.php(308): CAction->runWithParams(Array)
#3 /var/www/yii/framework/web/CController.php(286): CController->runAction(Object(CViewAction))
#4 /var/www/yii/framework/web/CController.php(265): CController->runActionWithFilters(Object(CViewAction), Array)
#5 /var/www/yii/framework/web/CWebApplication.php(282): CController->run('page')
#6 /var/www/yii/framework/web/CWebApplication.php(141): CWebApplication->runController('site/page')
#7 /var/www/yii/framework/base/CApplication.php(169): CWebApplication->processRequest()
#8 /var/www/arc/index.php(13): CApplication->run()
#9 {main}
REQUEST_URI=/arc/index.php?r=site/page&view=about
HTTP_REFERER=http://172.31.1.31/arc/index.php?r=site/index
---
2013/05/21 17:22:28 [error] [exception.CHttpException.404] exception 'CHttpException' with message 'The requested view "about" was not found.' in /var/www/yii/framework/web/actions/CViewAction.php:112
Stack trace:
#0 /var/www/yii/framework/web/actions/CViewAction.php(123): CViewAction->resolveView('about')
#1 /var/www/yii/framework/web/actions/CAction.php(76): CViewAction->run()
#2 /var/www/yii/framework/web/CController.php(308): CAction->runWithParams(Array)
#3 /var/www/yii/framework/web/CController.php(286): CController->runAction(Object(CViewAction))
#4 /var/www/yii/framework/web/CController.php(265): CController->runActionWithFilters(Object(CViewAction), Array)
#5 /var/www/yii/framework/web/CWebApplication.php(282): CController->run('page')
#6 /var/www/yii/framework/web/CWebApplication.php(141): CWebApplication->runController('site/page')
#7 /var/www/yii/framework/base/CApplication.php(169): CWebApplication->processRequest()
#8 /var/www/arc/index.php(13): CApplication->run()
#9 {main}
REQUEST_URI=/arc/index.php?r=site/page&view=about
HTTP_REFERER=http://172.31.1.31/arc/index.php?r=site/index
---
2013/05/24 20:20:23 [error] [system.db.CDbCommand] CDbCommand::fetchAll() failed: SQLSTATE[42S02]: Base table or view not found: 1146 Table 'archipelago.voyage' doesn't exist. The SQL statement executed was: SHOW FULL COLUMNS FROM `voyage`.
in /var/www/newArc/protected/models/Voyage.php (28)
in /var/www/newArc/protected/views/purchase/_form.php (16)
in /var/www/newArc/protected/views/purchase/index.php (3)
2013/05/24 20:20:23 [error] [exception.CDbException] exception 'CDbException' with message 'The table "voyage" for active record class "Voyage" cannot be found in the database.' in /var/www/yii/framework/db/ar/CActiveRecord.php:2310
Stack trace:
#0 /var/www/yii/framework/db/ar/CActiveRecord.php(387): CActiveRecordMetaData->__construct(Object(Voyage))
#1 /var/www/newArc/protected/models/Voyage.php(28): CActiveRecord::model('Voyage')
#2 /var/www/newArc/protected/views/purchase/_form.php(16): Voyage::model()
#3 /var/www/yii/framework/web/CBaseController.php(126): require('/var/www/newArc...')
#4 /var/www/yii/framework/web/CBaseController.php(95): CBaseController->renderInternal('/var/www/newArc...', Array, true)
#5 /var/www/yii/framework/web/CController.php(869): CBaseController->renderFile('/var/www/newArc...', Array, true)
#6 /var/www/newArc/protected/views/purchase/index.php(3): CController->renderPartial('_form', Array)
#7 /var/www/yii/framework/web/CBaseController.php(126): require('/var/www/newArc...')
#8 /var/www/yii/framework/web/CBaseController.php(95): CBaseController->renderInternal('/var/www/newArc...', Array, true)
#9 /var/www/yii/framework/web/CController.php(869): CBaseController->renderFile('/var/www/newArc...', Array, true)
#10 /var/www/yii/framework/web/CController.php(782): CController->renderPartial('index', Array, true)
#11 /var/www/newArc/protected/controllers/PurchaseController.php(97): CController->render('index', Array)
#12 /var/www/yii/framework/web/actions/CInlineAction.php(49): PurchaseController->actionIndex()
#13 /var/www/yii/framework/web/CController.php(308): CInlineAction->runWithParams(Array)
#14 /var/www/yii/framework/web/filters/CFilterChain.php(133): CController->runAction(Object(CInlineAction))
#15 /var/www/yii/framework/web/filters/CFilter.php(40): CFilterChain->run()
#16 /var/www/yii/framework/web/CController.php(1145): CFilter->filter(Object(CFilterChain))
#17 /var/www/yii/framework/web/filters/CInlineFilter.php(58): CController->filterAccessControl(Object(CFilterChain))
#18 /var/www/yii/framework/web/filters/CFilterChain.php(130): CInlineFilter->filter(Object(CFilterChain))
#19 /var/www/yii/framework/web/CController.php(291): CFilterChain->run()
#20 /var/www/yii/framework/web/CController.php(265): CController->runActionWithFilters(Object(CInlineAction), Array)
#21 /var/www/yii/framework/web/CWebApplication.php(282): CController->run('index')
#22 /var/www/yii/framework/web/CWebApplication.php(141): CWebApplication->runController('purchase/index')
#23 /var/www/yii/framework/base/CApplication.php(169): CWebApplication->processRequest()
#24 /var/www/newArc/index.php(13): CApplication->run()
#25 {main}
REQUEST_URI=/newArc/index.php?r=purchase/index
HTTP_REFERER=https://172.31.1.16/newArc/index.php
---
2013/05/24 20:22:43 [warning] [application] Failed to set unsafe attribute "step" of "Purchase".
in /var/www/newArc/protected/controllers/PurchaseController.php (33)
in /var/www/newArc/index.php (13)
2013/05/24 20:43:56 [warning] [application] Failed to set unsafe attribute "step" of "Purchase".
in /var/www/newArc/protected/controllers/PurchaseController.php (33)
in /var/www/newArc/index.php (13)
2013/05/24 20:45:25 [warning] [application] Failed to set unsafe attribute "step" of "Purchase".
in /var/www/newArc/protected/controllers/PurchaseController.php (33)
in /var/www/newArc/index.php (13)
